mode: atomic
invetory-manager-hexagonal/application/core/usecase/inventario_adapter_repository_mock.go:12.101,16.2 3 2
invetory-manager-hexagonal/application/core/usecase/inventario_usecase.go:12.91,14.22 2 4
invetory-manager-hexagonal/application/core/usecase/inventario_usecase.go:18.2,19.22 2 3
invetory-manager-hexagonal/application/core/usecase/inventario_usecase.go:23.2,24.18 2 2
invetory-manager-hexagonal/application/core/usecase/inventario_usecase.go:28.2,28.12 1 1
invetory-manager-hexagonal/application/core/usecase/inventario_usecase.go:14.22,16.3 1 1
invetory-manager-hexagonal/application/core/usecase/inventario_usecase.go:19.22,21.3 1 1
invetory-manager-hexagonal/application/core/usecase/inventario_usecase.go:24.18,26.3 1 1
invetory-manager-hexagonal/application/core/usecase/inventario_usecase.go:31.134,36.2 1 4
invetory-manager-hexagonal/application/core/usecase/permissao_adapter_mock.go:11.104,15.2 3 3
invetory-manager-hexagonal/application/adapters/repository/inventario_adapter_repository.go:12.93,14.2 1 2
invetory-manager-hexagonal/application/adapters/repository/inventario_adapter_repository.go:16.122,18.2 1 2
invetory-manager-hexagonal/application/adapters/repository/invetario_repository_mongo_mock.go:12.99,16.2 3 2
invetory-manager-hexagonal/application/core/entities/inventario.go:14.54,19.32 3 3
invetory-manager-hexagonal/application/core/entities/inventario.go:25.2,25.40 1 2
invetory-manager-hexagonal/application/core/entities/inventario.go:31.2,31.21 1 1
invetory-manager-hexagonal/application/core/entities/inventario.go:19.32,23.3 3 1
invetory-manager-hexagonal/application/core/entities/inventario.go:25.40,27.23 2 4
invetory-manager-hexagonal/application/core/entities/inventario.go:27.23,29.4 1 1
invetory-manager-hexagonal/application/core/entities/inventario.go:34.46,36.40 2 1
invetory-manager-hexagonal/application/core/entities/inventario.go:39.2,39.19 1 1
invetory-manager-hexagonal/application/core/entities/inventario.go:36.40,38.3 1 3
invetory-manager-hexagonal/application/core/entities/inventario.go:42.60,48.2 1 4
invetory-manager-hexagonal/application/core/entities/item.go:13.39,14.27 1 9
invetory-manager-hexagonal/application/core/entities/item.go:17.2,17.18 1 8
invetory-manager-hexagonal/application/core/entities/item.go:20.2,20.22 1 5
invetory-manager-hexagonal/application/core/entities/item.go:23.2,23.18 1 4
invetory-manager-hexagonal/application/core/entities/item.go:14.27,16.3 1 1
invetory-manager-hexagonal/application/core/entities/item.go:17.18,19.3 1 3
invetory-manager-hexagonal/application/core/entities/item.go:20.22,22.3 1 1
invetory-manager-hexagonal/application/core/entities/item.go:26.68,32.2 1 14
invetory-manager-hexagonal/framework/repository/connector_mongo_data_source_mock.go:12.75,17.2 3 2
invetory-manager-hexagonal/framework/repository/connector_mongo_data_source_mock.go:18.122,22.2 3 2
invetory-manager-hexagonal/framework/repository/connector_mongo_data_source_mock.go:23.89,27.2 3 2
invetory-manager-hexagonal/framework/repository/connector_mongo_data_source_mock.go:29.111,33.2 3 2
invetory-manager-hexagonal/framework/repository/invetario_repository_mongo.go:16.91,19.16 2 2
invetory-manager-hexagonal/framework/repository/invetario_repository_mongo.go:22.2,25.16 4 2
invetory-manager-hexagonal/framework/repository/invetario_repository_mongo.go:19.16,21.3 1 0
invetory-manager-hexagonal/framework/repository/invetario_repository_mongo.go:28.118,30.2 1 2
